<?xml version="1.0" encoding="UTF-8"?>
<testng-results skipped="0" failed="0" ignored="0" total="2" passed="2">
  <reporter-output>
  </reporter-output>
  <suite name="Surefire suite" duration-ms="23324" started-at="2021-08-02T21:11:05Z" finished-at="2021-08-02T21:11:29Z">
    <groups>
    </groups>
    <test name="Surefire test" duration-ms="23324" started-at="2021-08-02T21:11:05Z" finished-at="2021-08-02T21:11:29Z">
      <class name="com.rahulshettyacademy.DemoTest">
        <test-method status="PASS" signature="setup()[pri:0, instance:com.rahulshettyacademy.DemoTest@68837a77]" name="setup" is-config="true" duration-ms="2721" started-at="2021-08-02T21:11:05Z" finished-at="2021-08-02T21:11:08Z">
          <reporter-output>
          </reporter-output>
        </test-method> <!-- setup -->
        <test-method status="PASS" signature="flightTest(java.util.HashMap)[pri:0, instance:com.rahulshettyacademy.DemoTest@68837a77]" name="flightTest" duration-ms="10901" started-at="2021-08-02T21:11:08Z" data-provider="getData" finished-at="2021-08-02T21:11:19Z">
          <params>
            <param index="0">
              <value>
                <![CDATA[{destination=DEL, destination2=BLR, origin=MAA, destination3=HYD}]]>
              </value>
            </param>
          </params>
          <reporter-output>
          </reporter-output>
        </test-method> <!-- flightTest -->
        <test-method status="PASS" signature="flightTest(java.util.HashMap)[pri:0, instance:com.rahulshettyacademy.DemoTest@68837a77]" name="flightTest" duration-ms="8556" started-at="2021-08-02T21:11:19Z" data-provider="getData" finished-at="2021-08-02T21:11:28Z">
          <params>
            <param index="0">
              <value>
                <![CDATA[{destination=BLR, destination2=DEL, origin=HYD, destination3=MAA}]]>
              </value>
            </param>
          </params>
          <reporter-output>
          </reporter-output>
        </test-method> <!-- flightTest -->
        <test-method status="PASS" signature="tearDown()[pri:0, instance:com.rahulshettyacademy.DemoTest@68837a77]" name="tearDown" is-config="true" duration-ms="797" started-at="2021-08-02T21:11:28Z" finished-at="2021-08-02T21:11:29Z">
          <reporter-output>
          </reporter-output>
        </test-method> <!-- tearDown -->
      </class> <!-- com.rahulshettyacademy.DemoTest -->
    </test> <!-- Surefire test -->
  </suite> <!-- Surefire suite -->
</testng-results>
